\BOOKMARK [0][]{chapter*.5}{ Introducci\363n}{}% 1
\BOOKMARK [0][]{chapter.1}{1 Teor\355a}{}% 2
\BOOKMARK [1][]{section.1.1}{1.1 Nociones b\341sicas}{chapter.1}% 3
\BOOKMARK [2][]{subsection.1.1.1}{1.1.1 F\363rmulas de Fresnel}{section.1.1}% 4
\BOOKMARK [1][]{section.1.2}{1.2 Soluci\363n de Mie}{chapter.1}% 5
\BOOKMARK [2][]{subsection.1.2.1}{1.2.1 Soluci\363n a la ecuaci\363n de onda con simetr\355a esf\351rica}{section.1.2}% 6
\BOOKMARK [1][]{section.1.3}{1.3 Respuesta electromagn\351tica de materiales plasm\363nicos}{chapter.1}% 7
\BOOKMARK [2][]{subsection.1.3.1}{1.3.1 Correcci\363n por tama\361o para part\355culas esf\351ricas}{section.1.3}% 8
\BOOKMARK [2][]{subsection.1.3.2}{1.3.2 Plasmones}{section.1.3}% 9
\BOOKMARK [1][]{section.1.4}{1.4 Modelo de esparcimiento coherente}{chapter.1}% 10
\BOOKMARK [2][]{subsection.1.4.1}{1.4.1 Monocapa suspendida en el espacio libre}{section.1.4}% 11
\BOOKMARK [2][]{subsection.1.4.2}{1.4.2 Monocapa sobre un sustrato}{section.1.4}% 12
\BOOKMARK [0][]{chapter.2}{2 Resultados num\351ricos}{}% 13
\BOOKMARK [1][]{section.2.1}{2.1 Resultados con el modelo de Drude-Sommerfeld}{chapter.2}% 14
\BOOKMARK [2][]{subsection.2.1.1}{2.1.1 Reflectancia de una monocapa suspendida en aire}{section.2.1}% 15
\BOOKMARK [2][]{subsection.2.1.2}{2.1.2 Reflectancia y transmitancia de una monocapa en configuraci\363n de reflexi\363n total atenuada}{section.2.1}% 16
\BOOKMARK [1][]{section.2.2}{2.2 Resultados con materiales reales: Au y Ag}{chapter.2}% 17
\BOOKMARK [0][]{chapter.3}{3 Modo plasm\363nico guiado}{}% 18
\BOOKMARK [1][]{section.3.1}{3.1 Aqu\355 no s\351 c\363mo dividirlo}{chapter.3}% 19
\BOOKMARK [1][]{section.3.2}{3.2 CSM vs. Experimento}{chapter.3}% 20
\BOOKMARK [2][]{subsection.3.2.1}{3.2.1 Subsecci\363n}{section.3.2}% 21
\BOOKMARK [2][]{subsection.3.2.2}{3.2.2 Discusi\363n y an\341lisis de resultados}{section.3.2}% 22
\BOOKMARK [0][]{chapter*.47}{ Conclusiones}{}% 23
\BOOKMARK [0][]{section*.49}{\315ndice alfab\351tico}{}% 24
